<?xml version="1.0" encoding="UTF-8"?>
<!-- Generated by org.testng.reporters.JUnitXMLReporter -->
<testsuite ignored="0" hostname="DESKTOP-PSPSVDJ" failures="0" tests="6" name="Test" time="22.881" errors="0" timestamp="2023-02-15T11:52:01 EST">
  <testcase classname="Selenium.petSwagger.test1" name="addPet" time="10.969"/>
  <testcase classname="Selenium.petSwagger.test1" name="responseBodyVerify" time="2.225"/>
  <testcase classname="Selenium.petSwagger.test2" name="findPet" time="2.052"/>
  <testcase classname="Selenium.petSwagger.test2" name="responseBodyVerify" time="2.161"/>
  <testcase classname="Selenium.petSwagger.test2_API" name="findPet" time="4.575"/>
  <testcase classname="Selenium.petSwagger.test3_API" name="removePet" time="0.811"/>
</testsuite> <!-- Test -->
