<?xml version="1.0" encoding="UTF-8"?>
<!-- Generated by org.testng.reporters.JUnitXMLReporter -->
<testsuite ignored="0" hostname="DESKTOP-PSPSVDJ" failures="0" tests="6" name="Test" time="21.312" errors="0" timestamp="2023-02-21T12:32:39 EST">
  <testcase classname="Selenium.petSwagger.addPetTest" name="addPet" time="9.893"/>
  <testcase classname="Selenium.petSwagger.addPetTest" name="responseBodyVerify" time="2.223"/>
  <testcase classname="Selenium.petSwagger.getPetTest" name="findPet" time="2.318"/>
  <testcase classname="Selenium.petSwagger.getPetTest" name="responseBodyVerify" time="2.142"/>
  <testcase classname="Selenium.petSwagger.getPetAPITest" name="findPet" time="3.951"/>
  <testcase classname="Selenium.petSwagger.deletePetAPITest" name="removePet" time="0.688"/>
</testsuite> <!-- Test -->
