<?xml version="1.0" encoding="UTF-8"?>
<testng-results ignored="0" total="6" passed="6" failed="0" skipped="0">
  <reporter-output>
  </reporter-output>
  <suite started-at="2023-02-21T11:40:36 EST" name="Suite" finished-at="2023-02-21T11:41:03 EST" duration-ms="26121">
    <groups>
    </groups>
    <test started-at="2023-02-21T11:40:36 EST" name="Test" finished-at="2023-02-21T11:41:03 EST" duration-ms="26121">
      <class name="Selenium.petSwagger.browserLaunchTest">
        <test-method is-config="true" signature="browser()[pri:0, instance:Selenium.petSwagger.browserLaunchTest@18df8434]" started-at="2023-02-21T11:40:27 EST" name="browser" finished-at="2023-02-21T11:40:36 EST" duration-ms="8996" status="PASS">
          <reporter-output>
          </reporter-output>
        </test-method> <!-- browser -->
        <test-method is-config="true" signature="tearDown()[pri:0, instance:Selenium.petSwagger.browserLaunchTest@18df8434]" started-at="2023-02-21T11:41:03 EST" name="tearDown" finished-at="2023-02-21T11:41:04 EST" duration-ms="1463" status="PASS">
          <reporter-output>
          </reporter-output>
        </test-method> <!-- tearDown -->
      </class> <!-- Selenium.petSwagger.browserLaunchTest -->
      <class name="Selenium.petSwagger.getPetAPITest">
        <test-method signature="findPet()[pri:0, instance:Selenium.petSwagger.getPetAPITest@1a6d8329]" started-at="2023-02-21T11:40:56 EST" name="findPet" finished-at="2023-02-21T11:41:02 EST" duration-ms="5949" status="PASS">
          <reporter-output>
          </reporter-output>
        </test-method> <!-- findPet -->
      </class> <!-- Selenium.petSwagger.getPetAPITest -->
      <class name="Selenium.petSwagger.getPetTest">
        <test-method signature="findPet()[pri:0, instance:Selenium.petSwagger.getPetTest@368247b9]" started-at="2023-02-21T11:40:51 EST" name="findPet" finished-at="2023-02-21T11:40:53 EST" duration-ms="2297" status="PASS">
          <reporter-output>
          </reporter-output>
        </test-method> <!-- findPet -->
        <test-method signature="responseBodyVerify()[pri:0, instance:Selenium.petSwagger.getPetTest@368247b9]" started-at="2023-02-21T11:40:53 EST" name="responseBodyVerify" finished-at="2023-02-21T11:40:56 EST" depends-on-methods="Selenium.petSwagger.getPetTest.findPet" duration-ms="2149" status="PASS">
          <reporter-output>
          </reporter-output>
        </test-method> <!-- responseBodyVerify -->
      </class> <!-- Selenium.petSwagger.getPetTest -->
      <class name="Selenium.petSwagger.deletePetAPITest">
        <test-method signature="removePet()[pri:0, instance:Selenium.petSwagger.deletePetAPITest@1a942c18]" started-at="2023-02-21T11:41:02 EST" name="removePet" finished-at="2023-02-21T11:41:03 EST" duration-ms="938" status="PASS">
          <reporter-output>
          </reporter-output>
        </test-method> <!-- removePet -->
      </class> <!-- Selenium.petSwagger.deletePetAPITest -->
      <class name="Selenium.petSwagger.addPetTest">
        <test-method signature="addPet()[pri:0, instance:Selenium.petSwagger.addPetTest@1e6a3214]" started-at="2023-02-21T11:40:37 EST" name="addPet" finished-at="2023-02-21T11:40:49 EST" duration-ms="12410" status="PASS">
          <reporter-output>
          </reporter-output>
        </test-method> <!-- addPet -->
        <test-method signature="responseBodyVerify()[pri:0, instance:Selenium.petSwagger.addPetTest@1e6a3214]" started-at="2023-02-21T11:40:49 EST" name="responseBodyVerify" finished-at="2023-02-21T11:40:51 EST" depends-on-methods="Selenium.petSwagger.addPetTest.addPet" duration-ms="2256" status="PASS">
          <reporter-output>
          </reporter-output>
        </test-method> <!-- responseBodyVerify -->
      </class> <!-- Selenium.petSwagger.addPetTest -->
    </test> <!-- Test -->
  </suite> <!-- Suite -->
</testng-results>
