<?xml version="1.0" encoding="UTF-8"?>
<testng-results ignored="0" total="6" passed="6" failed="0" skipped="0">
  <reporter-output>
  </reporter-output>
  <suite started-at="2023-02-15T11:51:38 EST" name="Suite" finished-at="2023-02-15T11:52:01 EST" duration-ms="22881">
    <groups>
    </groups>
    <test started-at="2023-02-15T11:51:38 EST" name="Test" finished-at="2023-02-15T11:52:01 EST" duration-ms="22881">
      <class name="Selenium.petSwagger.test2">
        <test-method signature="findPet()[pri:0, instance:Selenium.petSwagger.test2@534a5a98]" started-at="2023-02-15T11:51:51 EST" name="findPet" finished-at="2023-02-15T11:51:53 EST" duration-ms="2052" status="PASS">
          <reporter-output>
          </reporter-output>
        </test-method> <!-- findPet -->
        <test-method signature="responseBodyVerify()[pri:0, instance:Selenium.petSwagger.test2@534a5a98]" started-at="2023-02-15T11:51:53 EST" name="responseBodyVerify" finished-at="2023-02-15T11:51:55 EST" depends-on-methods="Selenium.petSwagger.test2.findPet" duration-ms="2161" status="PASS">
          <reporter-output>
          </reporter-output>
        </test-method> <!-- responseBodyVerify -->
      </class> <!-- Selenium.petSwagger.test2 -->
      <class name="Selenium.petSwagger.test2_API">
        <test-method signature="findPet()[pri:0, instance:Selenium.petSwagger.test2_API@4f80542f]" started-at="2023-02-15T11:51:55 EST" name="findPet" finished-at="2023-02-15T11:52:00 EST" duration-ms="4575" status="PASS">
          <reporter-output>
          </reporter-output>
        </test-method> <!-- findPet -->
      </class> <!-- Selenium.petSwagger.test2_API -->
      <class name="Selenium.petSwagger.test1">
        <test-method signature="addPet()[pri:0, instance:Selenium.petSwagger.test1@5a45133e]" started-at="2023-02-15T11:51:38 EST" name="addPet" finished-at="2023-02-15T11:51:49 EST" duration-ms="10969" status="PASS">
          <reporter-output>
          </reporter-output>
        </test-method> <!-- addPet -->
        <test-method signature="responseBodyVerify()[pri:0, instance:Selenium.petSwagger.test1@5a45133e]" started-at="2023-02-15T11:51:49 EST" name="responseBodyVerify" finished-at="2023-02-15T11:51:51 EST" depends-on-methods="Selenium.petSwagger.test1.addPet" duration-ms="2225" status="PASS">
          <reporter-output>
          </reporter-output>
        </test-method> <!-- responseBodyVerify -->
      </class> <!-- Selenium.petSwagger.test1 -->
      <class name="Selenium.petSwagger.browserLaunch">
        <test-method is-config="true" signature="browser()[pri:0, instance:Selenium.petSwagger.browserLaunch@6bd61f98]" started-at="2023-02-15T11:51:30 EST" name="browser" finished-at="2023-02-15T11:51:38 EST" duration-ms="7790" status="PASS">
          <reporter-output>
          </reporter-output>
        </test-method> <!-- browser -->
        <test-method is-config="true" signature="tearDown()[pri:0, instance:Selenium.petSwagger.browserLaunch@6bd61f98]" started-at="2023-02-15T11:52:01 EST" name="tearDown" finished-at="2023-02-15T11:52:01 EST" duration-ms="286" status="PASS">
          <reporter-output>
          </reporter-output>
        </test-method> <!-- tearDown -->
      </class> <!-- Selenium.petSwagger.browserLaunch -->
      <class name="Selenium.petSwagger.test3_API">
        <test-method signature="removePet()[pri:0, instance:Selenium.petSwagger.test3_API@60bd273d]" started-at="2023-02-15T11:52:00 EST" name="removePet" finished-at="2023-02-15T11:52:01 EST" duration-ms="811" status="PASS">
          <reporter-output>
          </reporter-output>
        </test-method> <!-- removePet -->
      </class> <!-- Selenium.petSwagger.test3_API -->
    </test> <!-- Test -->
  </suite> <!-- Suite -->
</testng-results>
